<?xml version="1.0" encoding="UTF-8" ?>
<testsuite errors="1" failures="4" hostname="vincoOrbiss-Mac-mini.local" name="musica.MusicaControllerSpec" tests="7" time="1.685" timestamp="2014-05-15T23:22:29">
  <properties />
  <testcase classname="musica.MusicaControllerSpec" name="Test the index action returns the correct model" time="0.547" />
  <testcase classname="musica.MusicaControllerSpec" name="Test the create action returns the correct model" time="0.151" />
  <testcase classname="musica.MusicaControllerSpec" name="Test the save action correctly persists an instance" time="0.132">
    <error message="Cannot redirect for object [musica.Musica : (unsaved)] it is not a domain or has no identifier. Use an explicit redirect instead " type="org.codehaus.groovy.grails.web.servlet.mvc.exceptions.CannotRedirectException">org.codehaus.groovy.grails.web.servlet.mvc.exceptions.CannotRedirectException: Cannot redirect for object [musica.Musica : (unsaved)] it is not a domain or has no identifier. Use an explicit redirect instead 
	at musica.MusicaController.save_closure4_closure9_closure10(MusicaController.groovy:43)
	at musica.MusicaController.save_closure4(MusicaController.groovy:40)
	at musica.MusicaControllerSpec.Test the save action correctly persists an instance(MusicaControllerSpec.groovy:51)
</error>
  </testcase>
  <testcase classname="musica.MusicaControllerSpec" name="Test that the show action returns the correct model" time="0.12">
    <failure message="Condition not satisfied:&#xa;&#xa;response.status == 404&#xa;|        |      |&#xa;|        200    false&#xa;org.codehaus.groovy.grails.plugins.testing.GrailsMockHttpServletResponse@4ce1bafc&#xa;" type="junit.framework.AssertionFailedError">junit.framework.AssertionFailedError: Condition not satisfied:

response.status == 404
|        |      |
|        200    false
org.codehaus.groovy.grails.plugins.testing.GrailsMockHttpServletResponse@4ce1bafc

	at musica.MusicaControllerSpec.Test that the show action returns the correct model(MusicaControllerSpec.groovy:64)
</failure>
  </testcase>
  <testcase classname="musica.MusicaControllerSpec" name="Test that the edit action returns the correct model" time="0.123">
    <failure message="Condition not satisfied:&#xa;&#xa;response.status == 404&#xa;|        |      |&#xa;|        200    false&#xa;org.codehaus.groovy.grails.plugins.testing.GrailsMockHttpServletResponse@79f7fcd0&#xa;" type="junit.framework.AssertionFailedError">junit.framework.AssertionFailedError: Condition not satisfied:

response.status == 404
|        |      |
|        200    false
org.codehaus.groovy.grails.plugins.testing.GrailsMockHttpServletResponse@79f7fcd0

	at musica.MusicaControllerSpec.Test that the edit action returns the correct model(MusicaControllerSpec.groovy:80)
</failure>
  </testcase>
  <testcase classname="musica.MusicaControllerSpec" name="Test the update action performs an update on a valid domain instance" time="0.149">
    <failure message="Condition not satisfied:&#xa;&#xa;status == 404&#xa;|      |&#xa;200    false&#xa;" type="junit.framework.AssertionFailedError">junit.framework.AssertionFailedError: Condition not satisfied:

status == 404
|      |
200    false

	at musica.MusicaControllerSpec.Test the update action performs an update on a valid domain instance(MusicaControllerSpec.groovy:96)
</failure>
  </testcase>
  <testcase classname="musica.MusicaControllerSpec" name="Test that the delete action deletes an instance if it exists" time="0.156">
    <failure message="Condition not satisfied:&#xa;&#xa;status == 404&#xa;|      |&#xa;200    false&#xa;" type="junit.framework.AssertionFailedError">junit.framework.AssertionFailedError: Condition not satisfied:

status == 404
|      |
200    false

	at musica.MusicaControllerSpec.Test that the delete action deletes an instance if it exists(MusicaControllerSpec.groovy:124)
</failure>
  </testcase>
  <system-out><![CDATA[--Output from Test the index action returns the correct model--
--Output from Test the create action returns the correct model--
--Output from Test the save action correctly persists an instance--
--Output from Test that the show action returns the correct model--
--Output from Test that the edit action returns the correct model--
--Output from Test the update action performs an update on a valid domain instance--
--Output from Test that the delete action deletes an instance if it exists--
]]></system-out>
  <system-err><![CDATA[--Output from Test the index action returns the correct model--
--Output from Test the create action returns the correct model--
--Output from Test the save action correctly persists an instance--
--Output from Test that the show action returns the correct model--
--Output from Test that the edit action returns the correct model--
--Output from Test the update action performs an update on a valid domain instance--
--Output from Test that the delete action deletes an instance if it exists--
]]></system-err>
</testsuite>
