<?xml version="1.0" encoding="UTF-8" ?>
<testsuite errors="1" failures="4" hostname="vincoOrbiss-Mac-mini.local" name="lenguajes.LenguajesControllerSpec" tests="7" time="3.361" timestamp="2014-05-15T23:22:25">
  <properties />
  <testcase classname="lenguajes.LenguajesControllerSpec" name="Test the index action returns the correct model" time="1.389" />
  <testcase classname="lenguajes.LenguajesControllerSpec" name="Test the create action returns the correct model" time="0.26" />
  <testcase classname="lenguajes.LenguajesControllerSpec" name="Test the save action correctly persists an instance" time="0.537">
    <error message="Cannot redirect for object [lenguajes.Lenguajes : (unsaved)] it is not a domain or has no identifier. Use an explicit redirect instead " type="org.codehaus.groovy.grails.web.servlet.mvc.exceptions.CannotRedirectException">org.codehaus.groovy.grails.web.servlet.mvc.exceptions.CannotRedirectException: Cannot redirect for object [lenguajes.Lenguajes : (unsaved)] it is not a domain or has no identifier. Use an explicit redirect instead 
	at lenguajes.LenguajesController.save_closure4_closure9_closure10(LenguajesController.groovy:43)
	at lenguajes.LenguajesController.save_closure4(LenguajesController.groovy:40)
	at lenguajes.LenguajesControllerSpec.Test the save action correctly persists an instance(LenguajesControllerSpec.groovy:51)
</error>
  </testcase>
  <testcase classname="lenguajes.LenguajesControllerSpec" name="Test that the show action returns the correct model" time="0.2">
    <failure message="Condition not satisfied:&#xa;&#xa;response.status == 404&#xa;|        |      |&#xa;|        200    false&#xa;org.codehaus.groovy.grails.plugins.testing.GrailsMockHttpServletResponse@567e0121&#xa;" type="junit.framework.AssertionFailedError">junit.framework.AssertionFailedError: Condition not satisfied:

response.status == 404
|        |      |
|        200    false
org.codehaus.groovy.grails.plugins.testing.GrailsMockHttpServletResponse@567e0121

	at lenguajes.LenguajesControllerSpec.Test that the show action returns the correct model(LenguajesControllerSpec.groovy:64)
</failure>
  </testcase>
  <testcase classname="lenguajes.LenguajesControllerSpec" name="Test that the edit action returns the correct model" time="0.179">
    <failure message="Condition not satisfied:&#xa;&#xa;response.status == 404&#xa;|        |      |&#xa;|        200    false&#xa;org.codehaus.groovy.grails.plugins.testing.GrailsMockHttpServletResponse@12fbbad2&#xa;" type="junit.framework.AssertionFailedError">junit.framework.AssertionFailedError: Condition not satisfied:

response.status == 404
|        |      |
|        200    false
org.codehaus.groovy.grails.plugins.testing.GrailsMockHttpServletResponse@12fbbad2

	at lenguajes.LenguajesControllerSpec.Test that the edit action returns the correct model(LenguajesControllerSpec.groovy:80)
</failure>
  </testcase>
  <testcase classname="lenguajes.LenguajesControllerSpec" name="Test the update action performs an update on a valid domain instance" time="0.221">
    <failure message="Condition not satisfied:&#xa;&#xa;status == 404&#xa;|      |&#xa;200    false&#xa;" type="junit.framework.AssertionFailedError">junit.framework.AssertionFailedError: Condition not satisfied:

status == 404
|      |
200    false

	at lenguajes.LenguajesControllerSpec.Test the update action performs an update on a valid domain instance(LenguajesControllerSpec.groovy:96)
</failure>
  </testcase>
  <testcase classname="lenguajes.LenguajesControllerSpec" name="Test that the delete action deletes an instance if it exists" time="0.125">
    <failure message="Condition not satisfied:&#xa;&#xa;status == 404&#xa;|      |&#xa;200    false&#xa;" type="junit.framework.AssertionFailedError">junit.framework.AssertionFailedError: Condition not satisfied:

status == 404
|      |
200    false

	at lenguajes.LenguajesControllerSpec.Test that the delete action deletes an instance if it exists(LenguajesControllerSpec.groovy:124)
</failure>
  </testcase>
  <system-out><![CDATA[--Output from Test the index action returns the correct model--
--Output from Test the create action returns the correct model--
--Output from Test the save action correctly persists an instance--
--Output from Test that the show action returns the correct model--
--Output from Test that the edit action returns the correct model--
--Output from Test the update action performs an update on a valid domain instance--
--Output from Test that the delete action deletes an instance if it exists--
]]></system-out>
  <system-err><![CDATA[--Output from Test the index action returns the correct model--
--Output from Test the create action returns the correct model--
--Output from Test the save action correctly persists an instance--
--Output from Test that the show action returns the correct model--
--Output from Test that the edit action returns the correct model--
--Output from Test the update action performs an update on a valid domain instance--
--Output from Test that the delete action deletes an instance if it exists--
]]></system-err>
</testsuite>
