<?xml version="1.0" encoding="UTF-8" ?>
<testsuite errors="0" failures="4" hostname="vincoOrbiss-Mac-mini.local" name="lenguajes.LenguajesControllerSpec" tests="6" time="2.705" timestamp="2014-05-15T23:41:37">
  <properties />
  <testcase classname="lenguajes.LenguajesControllerSpec" name="Test the index action returns the correct model" time="1.539" />
  <testcase classname="lenguajes.LenguajesControllerSpec" name="Test the create action returns the correct model" time="0.23" />
  <testcase classname="lenguajes.LenguajesControllerSpec" name="Test that the show action returns the correct model" time="0.156">
    <failure message="Condition not satisfied:&#xa;&#xa;response.status == 404&#xa;|        |      |&#xa;|        200    false&#xa;org.codehaus.groovy.grails.plugins.testing.GrailsMockHttpServletResponse@3b8628c8&#xa;" type="junit.framework.AssertionFailedError">junit.framework.AssertionFailedError: Condition not satisfied:

response.status == 404
|        |      |
|        200    false
org.codehaus.groovy.grails.plugins.testing.GrailsMockHttpServletResponse@3b8628c8

	at lenguajes.LenguajesControllerSpec.Test that the show action returns the correct model(LenguajesControllerSpec.groovy:42)
</failure>
  </testcase>
  <testcase classname="lenguajes.LenguajesControllerSpec" name="Test that the edit action returns the correct model" time="0.146">
    <failure message="Condition not satisfied:&#xa;&#xa;response.status == 404&#xa;|        |      |&#xa;|        200    false&#xa;org.codehaus.groovy.grails.plugins.testing.GrailsMockHttpServletResponse@4717fd27&#xa;" type="junit.framework.AssertionFailedError">junit.framework.AssertionFailedError: Condition not satisfied:

response.status == 404
|        |      |
|        200    false
org.codehaus.groovy.grails.plugins.testing.GrailsMockHttpServletResponse@4717fd27

	at lenguajes.LenguajesControllerSpec.Test that the edit action returns the correct model(LenguajesControllerSpec.groovy:58)
</failure>
  </testcase>
  <testcase classname="lenguajes.LenguajesControllerSpec" name="Test the update action performs an update on a valid domain instance" time="0.149">
    <failure message="Condition not satisfied:&#xa;&#xa;status == 404&#xa;|      |&#xa;200    false&#xa;" type="junit.framework.AssertionFailedError">junit.framework.AssertionFailedError: Condition not satisfied:

status == 404
|      |
200    false

	at lenguajes.LenguajesControllerSpec.Test the update action performs an update on a valid domain instance(LenguajesControllerSpec.groovy:74)
</failure>
  </testcase>
  <testcase classname="lenguajes.LenguajesControllerSpec" name="Test that the delete action deletes an instance if it exists" time="0.139">
    <failure message="Condition not satisfied:&#xa;&#xa;status == 404&#xa;|      |&#xa;200    false&#xa;" type="junit.framework.AssertionFailedError">junit.framework.AssertionFailedError: Condition not satisfied:

status == 404
|      |
200    false

	at lenguajes.LenguajesControllerSpec.Test that the delete action deletes an instance if it exists(LenguajesControllerSpec.groovy:102)
</failure>
  </testcase>
  <system-out><![CDATA[--Output from Test the index action returns the correct model--
--Output from Test the create action returns the correct model--
--Output from Test that the show action returns the correct model--
--Output from Test that the edit action returns the correct model--
--Output from Test the update action performs an update on a valid domain instance--
--Output from Test that the delete action deletes an instance if it exists--
]]></system-out>
  <system-err><![CDATA[--Output from Test the index action returns the correct model--
--Output from Test the create action returns the correct model--
--Output from Test that the show action returns the correct model--
--Output from Test that the edit action returns the correct model--
--Output from Test the update action performs an update on a valid domain instance--
--Output from Test that the delete action deletes an instance if it exists--
]]></system-err>
</testsuite>
