<?xml version="1.0" encoding="UTF-8" ?>
<testsuite errors="1" failures="4" hostname="vincoOrbiss-Mac-mini.local" name="peliculas.PeliculasControllerSpec" tests="7" time="1.394" timestamp="2014-05-15T23:22:30">
  <properties />
  <testcase classname="peliculas.PeliculasControllerSpec" name="Test the index action returns the correct model" time="0.368" />
  <testcase classname="peliculas.PeliculasControllerSpec" name="Test the create action returns the correct model" time="0.184" />
  <testcase classname="peliculas.PeliculasControllerSpec" name="Test the save action correctly persists an instance" time="0.196">
    <error message="Cannot redirect for object [peliculas.Peliculas : (unsaved)] it is not a domain or has no identifier. Use an explicit redirect instead " type="org.codehaus.groovy.grails.web.servlet.mvc.exceptions.CannotRedirectException">org.codehaus.groovy.grails.web.servlet.mvc.exceptions.CannotRedirectException: Cannot redirect for object [peliculas.Peliculas : (unsaved)] it is not a domain or has no identifier. Use an explicit redirect instead 
	at peliculas.PeliculasController.save_closure4_closure9_closure10(PeliculasController.groovy:43)
	at peliculas.PeliculasController.save_closure4(PeliculasController.groovy:40)
	at peliculas.PeliculasControllerSpec.Test the save action correctly persists an instance(PeliculasControllerSpec.groovy:51)
</error>
  </testcase>
  <testcase classname="peliculas.PeliculasControllerSpec" name="Test that the show action returns the correct model" time="0.116">
    <failure message="Condition not satisfied:&#xa;&#xa;response.status == 404&#xa;|        |      |&#xa;|        200    false&#xa;org.codehaus.groovy.grails.plugins.testing.GrailsMockHttpServletResponse@621ee2de&#xa;" type="junit.framework.AssertionFailedError">junit.framework.AssertionFailedError: Condition not satisfied:

response.status == 404
|        |      |
|        200    false
org.codehaus.groovy.grails.plugins.testing.GrailsMockHttpServletResponse@621ee2de

	at peliculas.PeliculasControllerSpec.Test that the show action returns the correct model(PeliculasControllerSpec.groovy:64)
</failure>
  </testcase>
  <testcase classname="peliculas.PeliculasControllerSpec" name="Test that the edit action returns the correct model" time="0.145">
    <failure message="Condition not satisfied:&#xa;&#xa;response.status == 404&#xa;|        |      |&#xa;|        200    false&#xa;org.codehaus.groovy.grails.plugins.testing.GrailsMockHttpServletResponse@563cd194&#xa;" type="junit.framework.AssertionFailedError">junit.framework.AssertionFailedError: Condition not satisfied:

response.status == 404
|        |      |
|        200    false
org.codehaus.groovy.grails.plugins.testing.GrailsMockHttpServletResponse@563cd194

	at peliculas.PeliculasControllerSpec.Test that the edit action returns the correct model(PeliculasControllerSpec.groovy:80)
</failure>
  </testcase>
  <testcase classname="peliculas.PeliculasControllerSpec" name="Test the update action performs an update on a valid domain instance" time="0.145">
    <failure message="Condition not satisfied:&#xa;&#xa;status == 404&#xa;|      |&#xa;200    false&#xa;" type="junit.framework.AssertionFailedError">junit.framework.AssertionFailedError: Condition not satisfied:

status == 404
|      |
200    false

	at peliculas.PeliculasControllerSpec.Test the update action performs an update on a valid domain instance(PeliculasControllerSpec.groovy:96)
</failure>
  </testcase>
  <testcase classname="peliculas.PeliculasControllerSpec" name="Test that the delete action deletes an instance if it exists" time="0.125">
    <failure message="Condition not satisfied:&#xa;&#xa;status == 404&#xa;|      |&#xa;200    false&#xa;" type="junit.framework.AssertionFailedError">junit.framework.AssertionFailedError: Condition not satisfied:

status == 404
|      |
200    false

	at peliculas.PeliculasControllerSpec.Test that the delete action deletes an instance if it exists(PeliculasControllerSpec.groovy:124)
</failure>
  </testcase>
  <system-out><![CDATA[--Output from Test the index action returns the correct model--
--Output from Test the create action returns the correct model--
--Output from Test the save action correctly persists an instance--
--Output from Test that the show action returns the correct model--
--Output from Test that the edit action returns the correct model--
--Output from Test the update action performs an update on a valid domain instance--
--Output from Test that the delete action deletes an instance if it exists--
]]></system-out>
  <system-err><![CDATA[--Output from Test the index action returns the correct model--
--Output from Test the create action returns the correct model--
--Output from Test the save action correctly persists an instance--
--Output from Test that the show action returns the correct model--
--Output from Test that the edit action returns the correct model--
--Output from Test the update action performs an update on a valid domain instance--
--Output from Test that the delete action deletes an instance if it exists--
]]></system-err>
</testsuite>
